<?xml version="1.0" encoding="UTF-8"?>
<!-- Generated by org.testng.reporters.JUnitReportReporter -->
<testsuite skipped="0" hostname="DELL-L4N91MT" name="Runner_Files.Signup_negative_scenarios_runner" tests="10" failures="0" timestamp="2021-04-17T09:22:33 IST" time="85.919" errors="0">
  <testcase name="runScenario" time="8.126" classname="Runner_Files.Signup_negative_scenarios_runner"/>
  <system-out/>
  <testcase name="runScenario" time="3.019" classname="Runner_Files.Signup_negative_scenarios_runner"/>
  <system-out/>
  <testcase name="runScenario" time="3.029" classname="Runner_Files.Signup_negative_scenarios_runner"/>
  <system-out/>
  <testcase name="runScenario" time="1.883" classname="Runner_Files.Signup_negative_scenarios_runner"/>
  <system-out/>
  <testcase name="runScenario" time="2.970" classname="Runner_Files.Signup_negative_scenarios_runner"/>
  <system-out/>
  <testcase name="runScenario" time="3.933" classname="Runner_Files.Signup_negative_scenarios_runner"/>
  <system-out/>
  <testcase name="runScenario" time="3.041" classname="Runner_Files.Signup_negative_scenarios_runner"/>
  <system-out/>
  <testcase name="runScenario" time="2.998" classname="Runner_Files.Signup_negative_scenarios_runner"/>
  <system-out/>
  <testcase name="runScenario" time="53.811" classname="Runner_Files.Signup_negative_scenarios_runner"/>
  <system-out/>
  <testcase name="runScenario" time="3.109" classname="Runner_Files.Signup_negative_scenarios_runner"/>
  <system-out/>
</testsuite> <!-- Runner_Files.Signup_negative_scenarios_runner -->
