<?xml version="1.0" encoding="UTF-8"?>
<!-- Generated by org.testng.reporters.JUnitReportReporter -->
<testsuite skipped="0" hostname="DELL-L4N91MT" name="Runner_Files.Landing_welcome_positive_scenarios_runner" tests="3" failures="0" timestamp="2021-04-17T09:22:33 IST" time="75.230" errors="0">
  <testcase name="runScenario" time="68.141" classname="Runner_Files.Landing_welcome_positive_scenarios_runner"/>
  <system-out/>
  <testcase name="runScenario" time="2.394" classname="Runner_Files.Landing_welcome_positive_scenarios_runner"/>
  <system-out/>
  <testcase name="runScenario" time="4.695" classname="Runner_Files.Landing_welcome_positive_scenarios_runner"/>
  <system-out/>
</testsuite> <!-- Runner_Files.Landing_welcome_positive_scenarios_runner -->
