<?xml version="1.0" encoding="UTF-8"?>
<!-- Generated by org.testng.reporters.JUnitReportReporter -->
<testsuite skipped="0" hostname="DELL-L4N91MT" name="Runner_Files.Login_positive_scenarios_runner" tests="6" failures="0" timestamp="2021-04-17T09:22:33 IST" time="59.042" errors="0">
  <testcase name="runScenario" time="41.573" classname="Runner_Files.Login_positive_scenarios_runner"/>
  <system-out/>
  <testcase name="runScenario" time="2.397" classname="Runner_Files.Login_positive_scenarios_runner"/>
  <system-out/>
  <testcase name="runScenario" time="7.181" classname="Runner_Files.Login_positive_scenarios_runner"/>
  <system-out/>
  <testcase name="runScenario" time="3.570" classname="Runner_Files.Login_positive_scenarios_runner"/>
  <system-out/>
  <testcase name="runScenario" time="2.598" classname="Runner_Files.Login_positive_scenarios_runner"/>
  <system-out/>
  <testcase name="runScenario" time="1.723" classname="Runner_Files.Login_positive_scenarios_runner"/>
  <system-out/>
</testsuite> <!-- Runner_Files.Login_positive_scenarios_runner -->
