<?xml version="1.0" encoding="UTF-8"?>
<!-- Generated by org.testng.reporters.JUnitReportReporter -->
<testsuite skipped="0" hostname="DELL-L4N91MT" name="Runner_Files.Forgot_password_negative_scenarios_runner" tests="5" failures="0" timestamp="2021-04-17T09:22:33 IST" time="54.126" errors="0">
  <testcase name="runScenario" time="48.463" classname="Runner_Files.Forgot_password_negative_scenarios_runner"/>
  <system-out/>
  <testcase name="runScenario" time="1.962" classname="Runner_Files.Forgot_password_negative_scenarios_runner"/>
  <system-out/>
  <testcase name="runScenario" time="0.060" classname="Runner_Files.Forgot_password_negative_scenarios_runner"/>
  <system-out/>
  <testcase name="runScenario" time="1.597" classname="Runner_Files.Forgot_password_negative_scenarios_runner"/>
  <system-out/>
  <testcase name="runScenario" time="2.044" classname="Runner_Files.Forgot_password_negative_scenarios_runner"/>
  <system-out/>
</testsuite> <!-- Runner_Files.Forgot_password_negative_scenarios_runner -->
