<?xml version="1.0" encoding="UTF-8"?>
<!-- Generated by org.testng.reporters.JUnitReportReporter -->
<testsuite skipped="0" hostname="DELL-L4N91MT" name="Runner_Files.Login_negative_scenarios_runner" tests="7" failures="0" timestamp="2021-04-17T09:27:00 IST" time="69.932" errors="0">
  <testcase name="runScenario" time="4.084" classname="Runner_Files.Login_negative_scenarios_runner"/>
  <system-out/>
  <testcase name="runScenario" time="5.300" classname="Runner_Files.Login_negative_scenarios_runner"/>
  <system-out/>
  <testcase name="runScenario" time="2.539" classname="Runner_Files.Login_negative_scenarios_runner"/>
  <system-out/>
  <testcase name="runScenario" time="3.724" classname="Runner_Files.Login_negative_scenarios_runner"/>
  <system-out/>
  <testcase name="runScenario" time="1.494" classname="Runner_Files.Login_negative_scenarios_runner"/>
  <system-out/>
  <testcase name="runScenario" time="4.247" classname="Runner_Files.Login_negative_scenarios_runner"/>
  <system-out/>
  <testcase name="runScenario" time="48.544" classname="Runner_Files.Login_negative_scenarios_runner"/>
  <system-out/>
</testsuite> <!-- Runner_Files.Login_negative_scenarios_runner -->
